

Processing HomeController#index (for 127.0.0.1 at 2009-04-02 13:04:21) [GET]
Rendering template within layouts/application
Rendering home/index
Completed in 19ms (View: 16, DB: 0) | 200 OK [http://www.ping-pong.test/]


Processing MatchesController#index (for 127.0.0.1 at 2009-04-02 13:04:26) [GET]
Rendering template within layouts/application
Rendering matches/index
Completed in 133ms (View: 67, DB: 20) | 200 OK [http://www.ping-pong.test/matches]


Processing MatchesController#index (for 127.0.0.1 at 2009-04-02 13:37:40) [GET]
Rendering template within layouts/application
Rendering matches/index
Completed in 203ms (View: 81, DB: 34) | 200 OK [http://www.ping-pong.test/matches]


Processing MatchesController#new (for 127.0.0.1 at 2009-04-02 14:44:51) [GET]
Rendering template within layouts/application
Rendering matches/new
Completed in 51ms (View: 44, DB: 1) | 200 OK [http://www.ping-pong.test/matches/new]


Processing MatchesController#index (for 127.0.0.1 at 2009-04-02 14:45:24) [GET]
Rendering template within layouts/application
Rendering matches/index
Completed in 127ms (View: 95, DB: 21) | 200 OK [http://www.ping-pong.test/matches]


Processing MatchesController#index (for 192.168.0.109 at 2009-04-02 16:16:01) [GET]
Rendering template within layouts/application
Rendering matches/index
Completed in 116ms (View: 56, DB: 15) | 200 OK [http://www.pingpong.test/]


Processing MatchesController#edit (for 192.168.0.109 at 2009-04-02 16:16:43) [GET]
  Parameters: {"id"=>"5"}
Rendering template within layouts/application
Rendering matches/edit
Completed in 29ms (View: 24, DB: 4) | 200 OK [http://www.pingpong.test/matches/5/edit]


Processing MatchesController#update (for 192.168.0.109 at 2009-04-02 16:16:47) [PUT]
  Parameters: {"commit"=>"Submit", "authenticity_token"=>"dl/Y6G16RUxRyApkxErBW32XR9BwC0enGFhhvqFVp1Q=", "id"=>"5", "match"=>{"games_attributes"=>{"0"=>{"round_1"=>"11", "round_2"=>"11", "round_3"=>"", "handicap"=>"0", "player_id"=>"7", "id"=>"9"}, "1"=>{"round_1"=>"8", "round_2"=>"8", "round_3"=>"", "handicap"=>"0", "player_id"=>"9", "id"=>"10"}}}}
Redirected to http://www.pingpong.test/matches/5
Completed in 22ms (DB: 2) | 302 Found [http://www.pingpong.test/matches/5]


Processing MatchesController#show (for 192.168.0.109 at 2009-04-02 16:16:47) [GET]
  Parameters: {"id"=>"5"}
Rendering template within layouts/application
Rendering matches/show
Completed in 7ms (View: 6, DB: 1) | 200 OK [http://www.pingpong.test/matches/5]


Processing MatchesController#index (for 192.168.0.109 at 2009-04-02 16:16:49) [GET]
Rendering template within layouts/application
Rendering matches/index
Completed in 220ms (View: 177, DB: 33) | 200 OK [http://www.pingpong.test/matches]


Processing MatchesController#index (for 127.0.0.1 at 2009-04-03 08:27:54) [GET]
Rendering template within layouts/application
Rendering matches/index
Completed in 131ms (View: 59, DB: 19) | 200 OK [http://www.ping-pong.test/matches]


Processing MatchesController#index (for 192.168.0.199 at 2009-04-03 15:06:13) [GET]
Rendering template within layouts/application
Rendering matches/index
Completed in 142ms (View: 72, DB: 23) | 200 OK [http://www.pingpong.test/]


Processing MatchesController#new (for 192.168.0.199 at 2009-04-03 15:06:19) [GET]
Rendering template within layouts/application
Rendering matches/new
Completed in 22ms (View: 19, DB: 2) | 200 OK [http://www.pingpong.test/matches/new]


Processing MatchesController#create (for 192.168.0.199 at 2009-04-03 15:07:22) [POST]
  Parameters: {"commit"=>"Submit", "authenticity_token"=>"hey3XKB4GVAKGu6NXxVQuxhdThs6pk/k03O7iDE4lgY=", "match"=>{"games_attributes"=>{"0"=>{"round_1"=>"11", "round_2"=>"12", "round_3"=>"", "handicap"=>"2", "player_id"=>"4"}, "1"=>{"round_1"=>"13", "round_2"=>"14", "round_3"=>"", "handicap"=>"3", "player_id"=>"9"}}}}
Redirected to http://www.pingpong.test/matches
Completed in 39ms (DB: 13) | 302 Found [http://www.pingpong.test/matches]


Processing MatchesController#index (for 192.168.0.199 at 2009-04-03 15:07:22) [GET]
Rendering template within layouts/application
Rendering matches/index
Completed in 198ms (View: 159, DB: 30) | 200 OK [http://www.pingpong.test/matches]


Processing MatchesController#edit (for 192.168.0.199 at 2009-04-03 15:07:27) [GET]
  Parameters: {"id"=>"7"}
Rendering template within layouts/application
Rendering matches/edit
Completed in 28ms (View: 22, DB: 5) | 200 OK [http://www.pingpong.test/matches/7/edit]


Processing MatchesController#update (for 192.168.0.199 at 2009-04-03 15:07:33) [PUT]
  Parameters: {"commit"=>"Submit", "authenticity_token"=>"hey3XKB4GVAKGu6NXxVQuxhdThs6pk/k03O7iDE4lgY=", "id"=>"7", "match"=>{"games_attributes"=>{"0"=>{"round_1"=>"11", "round_2"=>"12", "round_3"=>"", "handicap"=>"3", "player_id"=>"4", "id"=>"13"}, "1"=>{"round_1"=>"13", "round_2"=>"14", "round_3"=>"", "handicap"=>"2", "player_id"=>"9", "id"=>"14"}}}}
Redirected to http://www.pingpong.test/matches/7
Completed in 18ms (DB: 2) | 302 Found [http://www.pingpong.test/matches/7]


Processing MatchesController#show (for 192.168.0.199 at 2009-04-03 15:07:33) [GET]
  Parameters: {"id"=>"7"}
Rendering template within layouts/application
Rendering matches/show
Completed in 6ms (View: 4, DB: 1) | 200 OK [http://www.pingpong.test/matches/7]


Processing MatchesController#index (for 192.168.0.199 at 2009-04-03 15:07:35) [GET]
Rendering template within layouts/application
Rendering matches/index
Completed in 69ms (View: 45, DB: 16) | 200 OK [http://www.pingpong.test/matches]


Processing MatchesController#index (for 192.168.0.4 at 2009-04-03 15:07:52) [GET]
Rendering template within layouts/application
Rendering matches/index
Completed in 112ms (View: 77, DB: 24) | 200 OK [http://www.pingpong.test/]


Processing MatchesController#show (for 192.168.0.4 at 2009-04-03 15:08:09) [GET]
  Parameters: {"id"=>"7"}
Rendering template within layouts/application
Rendering matches/show
Completed in 5ms (View: 3, DB: 1) | 200 OK [http://www.pingpong.test/matches/7]


Processing MatchesController#new (for 192.168.0.4 at 2009-04-03 15:09:01) [GET]
Rendering template within layouts/application
Rendering matches/new
Completed in 15ms (View: 13, DB: 2) | 200 OK [http://www.pingpong.test/matches/new]


Processing MatchesController#create (for 192.168.0.4 at 2009-04-03 15:09:09) [POST]
  Parameters: {"commit"=>"Submit", "authenticity_token"=>"Vr3YYfbIbf+AlXtQlh4F72Ab1jIKAgYo/qXVwzSLIcs=", "match"=>{"games_attributes"=>{"0"=>{"round_1"=>"", "round_2"=>"", "round_3"=>"", "handicap"=>"", "player_id"=>"5"}, "1"=>{"round_1"=>"", "round_2"=>"", "round_3"=>"", "handicap"=>"", "player_id"=>"8"}}}}
Redirected to http://www.pingpong.test/matches
Completed in 109ms (DB: 1) | 302 Found [http://www.pingpong.test/matches]


Processing MatchesController#index (for 192.168.0.4 at 2009-04-03 15:09:09) [GET]
Rendering template within layouts/application
Rendering matches/index
Completed in 111ms (View: 73, DB: 25) | 200 OK [http://www.pingpong.test/matches]


Processing MatchesController#destroy (for 192.168.0.4 at 2009-04-03 15:09:54) [DELETE]
  Parameters: {"authenticity_token"=>"Vr3YYfbIbf+AlXtQlh4F72Ab1jIKAgYo/qXVwzSLIcs=", "id"=>"8"}
Redirected to http://www.pingpong.test/matches
Completed in 14ms (DB: 2) | 302 Found [http://www.pingpong.test/matches/8]


Processing MatchesController#index (for 192.168.0.4 at 2009-04-03 15:09:54) [GET]
Rendering template within layouts/application
Rendering matches/index
Completed in 115ms (View: 72, DB: 24) | 200 OK [http://www.pingpong.test/matches]


Processing PlayersController#show (for 192.168.0.199 at 2009-04-03 15:10:16) [GET]
  Parameters: {"id"=>"4"}
Rendering template within layouts/application
Rendering players/show
Completed in 7ms (View: 4, DB: 0) | 200 OK [http://www.pingpong.test/players/4]


Processing PlayersController#show (for 192.168.0.4 at 2009-04-03 15:10:39) [GET]
  Parameters: {"id"=>"7"}
Rendering template within layouts/application
Rendering players/show
Completed in 3ms (View: 2, DB: 0) | 200 OK [http://www.pingpong.test/players/7]


Processing MatchesController#index (for 127.0.0.1 at 2009-04-03 15:11:49) [GET]
Rendering template within layouts/application
Rendering matches/index
Completed in 244ms (View: 196, DB: 40) | 200 OK [http://www.ping-pong.test/matches]


Processing PlayersController#show (for 192.168.0.4 at 2009-04-03 15:12:27) [GET]
  Parameters: {"id"=>"4"}
Rendering template within layouts/application
Rendering players/show
Completed in 5ms (View: 4, DB: 1) | 200 OK [http://www.pingpong.test/players/4]


Processing PlayersController#show (for 192.168.0.4 at 2009-04-03 15:12:43) [GET]
  Parameters: {"id"=>"9"}
Rendering template within layouts/application
Rendering players/show
Completed in 6ms (View: 4, DB: 1) | 200 OK [http://www.pingpong.test/players/9]


Processing MatchesController#new (for 192.168.0.199 at 2009-04-03 15:13:16) [GET]
Rendering template within layouts/application
Rendering matches/new
Completed in 16ms (View: 13, DB: 2) | 200 OK [http://www.pingpong.test/matches/new]


Processing MatchesController#create (for 192.168.0.199 at 2009-04-03 15:13:22) [POST]
  Parameters: {"commit"=>"Submit", "authenticity_token"=>"hey3XKB4GVAKGu6NXxVQuxhdThs6pk/k03O7iDE4lgY=", "match"=>{"games_attributes"=>{"0"=>{"round_1"=>"", "round_2"=>"", "round_3"=>"", "handicap"=>"", "player_id"=>"4"}, "1"=>{"round_1"=>"", "round_2"=>"", "round_3"=>"", "handicap"=>"", "player_id"=>"6"}}}}
Redirected to http://www.pingpong.test/matches
Completed in 27ms (DB: 1) | 302 Found [http://www.pingpong.test/matches]


Processing MatchesController#index (for 192.168.0.199 at 2009-04-03 15:13:22) [GET]
Rendering template within layouts/application
Rendering matches/index
Completed in 146ms (View: 97, DB: 33) | 200 OK [http://www.pingpong.test/matches]


Processing MatchesController#index (for 192.168.0.9 at 2009-04-03 15:13:51) [GET]
Rendering template within layouts/application
Rendering matches/index
Completed in 125ms (View: 85, DB: 28) | 200 OK [http://www.pingpong.test/]


Processing MatchesController#new (for 192.168.0.9 at 2009-04-03 15:14:00) [GET]
Rendering template within layouts/application
Rendering matches/new
Completed in 9ms (View: 8, DB: 1) | 200 OK [http://www.pingpong.test/matches/new]


Processing MatchesController#new (for 192.168.0.9 at 2009-04-03 15:14:09) [GET]
Rendering template within layouts/application
Rendering matches/new
Completed in 103ms (View: 101, DB: 2) | 200 OK [http://www.pingpong.test/matches/new]


Processing MatchesController#create (for 192.168.0.9 at 2009-04-03 15:14:33) [POST]
  Parameters: {"commit"=>"Submit", "authenticity_token"=>"btETJaIdOPo8JbiE06GTWU410syI3KYvRBWSkjQN19A=", "match"=>{"games_attributes"=>{"0"=>{"round_1"=>"9", "round_2"=>"9", "round_3"=>"", "handicap"=>"1", "player_id"=>"8"}, "1"=>{"round_1"=>"11", "round_2"=>"11", "round_3"=>"", "handicap"=>"3", "player_id"=>"9"}}}}
Redirected to http://www.pingpong.test/matches
Completed in 24ms (DB: 1) | 302 Found [http://www.pingpong.test/matches]


Processing MatchesController#index (for 192.168.0.9 at 2009-04-03 15:14:33) [GET]
Rendering template within layouts/application
Rendering matches/index
Completed in 190ms (View: 136, DB: 40) | 200 OK [http://www.pingpong.test/matches]


Processing MatchesController#edit (for 192.168.0.199 at 2009-04-03 15:31:27) [GET]
  Parameters: {"id"=>"9"}
Rendering template within layouts/application
Rendering matches/edit
Completed in 54ms (View: 45, DB: 3) | 200 OK [http://www.pingpong.test/matches/9/edit]


Processing MatchesController#update (for 192.168.0.199 at 2009-04-03 15:31:59) [PUT]
  Parameters: {"commit"=>"Submit", "authenticity_token"=>"hey3XKB4GVAKGu6NXxVQuxhdThs6pk/k03O7iDE4lgY=", "id"=>"9", "match"=>{"games_attributes"=>{"0"=>{"round_1"=>"7", "round_2"=>"11", "round_3"=>"11", "handicap"=>"0", "player_id"=>"4", "id"=>"15"}, "1"=>{"round_1"=>"11", "round_2"=>"9", "round_3"=>"13", "handicap"=>"0", "player_id"=>"6", "id"=>"16"}}}}
Redirected to http://www.pingpong.test/matches/9
Completed in 21ms (DB: 2) | 302 Found [http://www.pingpong.test/matches/9]


Processing MatchesController#show (for 192.168.0.199 at 2009-04-03 15:31:59) [GET]
  Parameters: {"id"=>"9"}
Rendering template within layouts/application
Rendering matches/show
Completed in 5ms (View: 4, DB: 0) | 200 OK [http://www.pingpong.test/matches/9]


Processing MatchesController#index (for 192.168.0.199 at 2009-04-03 15:32:01) [GET]
Rendering template within layouts/application
Rendering matches/index
Completed in 146ms (View: 108, DB: 29) | 200 OK [http://www.pingpong.test/matches]


Processing MatchesController#index (for 127.0.0.1 at 2009-04-03 15:33:16) [GET]
Rendering template within layouts/application
Rendering matches/index
Completed in 285ms (View: 120, DB: 50) | 200 OK [http://www.ping-pong.test/matches]


Processing MatchesController#index (for 192.168.0.5 at 2009-04-06 13:21:36) [GET]
Rendering template within layouts/application
Rendering matches/index
Completed in 154ms (View: 87, DB: 29) | 200 OK [http://www.pingpong.test/]


Processing MatchesController#new (for 192.168.0.5 at 2009-04-06 13:21:50) [GET]
Rendering template within layouts/application
Rendering matches/new
Completed in 25ms (View: 22, DB: 2) | 200 OK [http://www.pingpong.test/matches/new]


Processing MatchesController#create (for 192.168.0.5 at 2009-04-06 13:22:02) [POST]
  Parameters: {"commit"=>"Submit", "authenticity_token"=>"pfoeR17+joDOwsVm2/YZX/G3dJCF49C6Wu0BpWu/SWs=", "match"=>{"games_attributes"=>{"0"=>{"round_1"=>"", "round_2"=>"", "round_3"=>"", "handicap"=>"", "player_id"=>"4"}, "1"=>{"round_1"=>"", "round_2"=>"", "round_3"=>"", "handicap"=>"", "player_id"=>"6"}}}}
Redirected to http://www.pingpong.test/matches
Completed in 48ms (DB: 1) | 302 Found [http://www.pingpong.test/matches]


Processing MatchesController#index (for 192.168.0.5 at 2009-04-06 13:22:03) [GET]
Rendering template within layouts/application
Rendering matches/index
Completed in 319ms (View: 257, DB: 46) | 200 OK [http://www.pingpong.test/matches]


Processing MatchesController#index (for 192.168.0.114 at 2009-04-06 13:45:44) [GET]
Rendering template within layouts/application
Rendering matches/index
Completed in 233ms (View: 133, DB: 39) | 200 OK [http://www.pingpong.test/]


Processing MatchesController#edit (for 192.168.0.114 at 2009-04-06 13:45:51) [GET]
  Parameters: {"id"=>"11"}
Rendering template within layouts/application
Rendering matches/edit
Completed in 32ms (View: 25, DB: 5) | 200 OK [http://www.pingpong.test/matches/11/edit]


Processing MatchesController#update (for 192.168.0.114 at 2009-04-06 13:46:43) [PUT]
  Parameters: {"commit"=>"Submit", "authenticity_token"=>"lwpd0+9BUGx+ft/cnTYY3rYVhiJIZEoTy69oSzKNdyA=", "id"=>"11", "match"=>{"games_attributes"=>{"0"=>{"round_1"=>"8", "round_2"=>"11", "round_3"=>"9", "handicap"=>"2", "player_id"=>"4", "id"=>"19"}, "1"=>{"round_1"=>"11", "round_2"=>"9", "round_3"=>"11", "handicap"=>"0", "player_id"=>"6", "id"=>"20"}}}}
Redirected to http://www.pingpong.test/matches/11
Completed in 25ms (DB: 3) | 302 Found [http://www.pingpong.test/matches/11]


Processing MatchesController#show (for 192.168.0.114 at 2009-04-06 13:46:43) [GET]
  Parameters: {"id"=>"11"}
Rendering template within layouts/application
Rendering matches/show
Completed in 10ms (View: 7, DB: 1) | 200 OK [http://www.pingpong.test/matches/11]


Processing MatchesController#index (for 192.168.0.114 at 2009-04-06 13:46:45) [GET]
Rendering template within layouts/application
Rendering matches/index
Completed in 305ms (View: 254, DB: 36) | 200 OK [http://www.pingpong.test/matches]


Processing MatchesController#index (for 192.168.0.199 at 2009-04-06 13:55:13) [GET]
Rendering template within layouts/application
Rendering matches/index
Completed in 225ms (View: 128, DB: 40) | 200 OK [http://www.pingpong.test/]


Processing MatchesController#index (for 127.0.0.1 at 2009-04-07 10:33:26) [GET]
Rendering template within layouts/application
Rendering matches/index
Completed in 226ms (View: 139, DB: 33) | 200 OK [http://www.ping-pong.test/matches]


Processing MatchesController#new (for 127.0.0.1 at 2009-04-07 14:09:27) [GET]
Rendering template within layouts/application
Rendering matches/new
Completed in 76ms (View: 69, DB: 2) | 200 OK [http://www.ping-pong.test/matches/new]


Processing MatchesController#create (for 127.0.0.1 at 2009-04-07 14:09:33) [POST]
  Parameters: {"commit"=>"Submit", "authenticity_token"=>"VbAqowqp8/6vCk2Zx7LwVkJwOHJSBjaVCuBEwQrG5hE=", "match"=>{"games_attributes"=>{"0"=>{"round_1"=>"", "round_2"=>"", "round_3"=>"", "handicap"=>"", "player_id"=>"9"}, "1"=>{"round_1"=>"", "round_2"=>"", "round_3"=>"", "handicap"=>"", "player_id"=>"7"}}}}
Redirected to http://www.ping-pong.test/matches
Completed in 71ms (DB: 21) | 302 Found [http://www.ping-pong.test/matches]


Processing MatchesController#index (for 127.0.0.1 at 2009-04-07 14:09:33) [GET]
Rendering template within layouts/application
Rendering matches/index
Completed in 353ms (View: 285, DB: 49) | 200 OK [http://www.ping-pong.test/matches]


Processing MatchesController#index (for 192.168.0.199 at 2009-04-07 14:43:10) [GET]
Rendering template within layouts/application
Rendering matches/index
Completed in 286ms (View: 177, DB: 45) | 200 OK [http://www.pingpong.test/]


Processing MatchesController#new (for 192.168.0.199 at 2009-04-07 14:43:16) [GET]
Rendering template within layouts/application
Rendering matches/new
Completed in 22ms (View: 19, DB: 2) | 200 OK [http://www.pingpong.test/matches/new]


Processing MatchesController#create (for 192.168.0.199 at 2009-04-07 14:43:21) [POST]
  Parameters: {"commit"=>"Submit", "authenticity_token"=>"jP/F/0/ey1ktbFJ/vMLq9vNFoTA+3ZR9Xqi9sw2/j8w=", "match"=>{"games_attributes"=>{"0"=>{"round_1"=>"", "round_2"=>"", "round_3"=>"", "handicap"=>"", "player_id"=>"4"}, "1"=>{"round_1"=>"", "round_2"=>"", "round_3"=>"", "handicap"=>"", "player_id"=>"6"}}}}
Redirected to http://www.pingpong.test/matches
Completed in 151ms (DB: 1) | 302 Found [http://www.pingpong.test/matches]


Processing MatchesController#index (for 192.168.0.199 at 2009-04-07 14:43:21) [GET]
Rendering template within layouts/application
Rendering matches/index
Completed in 161ms (View: 115, DB: 31) | 200 OK [http://www.pingpong.test/matches]


Processing MatchesController#new (for 127.0.0.1 at 2009-04-07 15:12:32) [GET]
Rendering template within layouts/application
Rendering matches/new
Completed in 82ms (View: 71, DB: 2) | 200 OK [http://www.ping-pong.test/matches/new]


Processing MatchesController#create (for 127.0.0.1 at 2009-04-07 15:13:10) [POST]
  Parameters: {"commit"=>"Submit", "authenticity_token"=>"VbAqowqp8/6vCk2Zx7LwVkJwOHJSBjaVCuBEwQrG5hE=", "match"=>{"games_attributes"=>{"0"=>{"round_1"=>"9", "round_2"=>"11", "round_3"=>"12", "handicap"=>"3", "player_id"=>"4"}, "1"=>{"round_1"=>"11", "round_2"=>"5", "round_3"=>"14", "handicap"=>"0", "player_id"=>"6"}}}}
Redirected to http://www.ping-pong.test/matches
Completed in 55ms (DB: 1) | 302 Found [http://www.ping-pong.test/matches]


Processing MatchesController#index (for 127.0.0.1 at 2009-04-07 15:13:10) [GET]
Rendering template within layouts/application
Rendering matches/index
Completed in 444ms (View: 324, DB: 59) | 200 OK [http://www.ping-pong.test/matches]


Processing MatchesController#destroy (for 127.0.0.1 at 2009-04-07 15:13:49) [DELETE]
  Parameters: {"authenticity_token"=>"VbAqowqp8/6vCk2Zx7LwVkJwOHJSBjaVCuBEwQrG5hE=", "id"=>"13"}
Redirected to http://www.ping-pong.test/matches
Completed in 40ms (DB: 3) | 302 Found [http://www.ping-pong.test/matches/13]


Processing MatchesController#index (for 127.0.0.1 at 2009-04-07 15:13:49) [GET]
Rendering template within layouts/application
Rendering matches/index
Completed in 286ms (View: 226, DB: 43) | 200 OK [http://www.ping-pong.test/matches]


Processing MatchesController#index (for 127.0.0.1 at 2009-04-07 15:17:22) [GET]
Rendering template within layouts/application
Rendering matches/index
Completed in 342ms (View: 250, DB: 73) | 200 OK [http://www.ping-pong.test/matches]


Processing MatchesController#index (for 127.0.0.1 at 2009-04-07 15:18:05) [GET]
Rendering template within layouts/application
Rendering matches/index
Completed in 126ms (View: 58, DB: 19) | 200 OK [http://www.ping-pong.test/matches]


Processing MatchesController#index (for 127.0.0.1 at 2009-04-07 15:18:55) [GET]
Rendering template within layouts/application
Rendering matches/index
Completed in 171ms (View: 77, DB: 21) | 200 OK [http://www.ping-pong.test/matches]


Processing MatchesController#edit (for 127.0.0.1 at 2009-04-07 15:24:54) [GET]
  Parameters: {"id"=>"12"}
Rendering template within layouts/application
Rendering matches/edit
Completed in 124ms (View: 103, DB: 7) | 200 OK [http://www.ping-pong.test/matches/12/edit]


Processing MatchesController#update (for 127.0.0.1 at 2009-04-07 15:25:35) [PUT]
  Parameters: {"commit"=>"Submit", "authenticity_token"=>"VbAqowqp8/6vCk2Zx7LwVkJwOHJSBjaVCuBEwQrG5hE=", "id"=>"12", "match"=>{"games_attributes"=>{"0"=>{"round_1"=>"5", "round_2"=>"11", "round_3"=>"7", "handicap"=>"3", "player_id"=>"9", "id"=>"21"}, "1"=>{"round_1"=>"11", "round_2"=>"9", "round_3"=>"11", "handicap"=>"0", "player_id"=>"7", "id"=>"22"}}}}
Redirected to http://www.ping-pong.test/matches/12
Completed in 51ms (DB: 3) | 302 Found [http://www.ping-pong.test/matches/12]


Processing MatchesController#show (for 127.0.0.1 at 2009-04-07 15:25:35) [GET]
  Parameters: {"id"=>"12"}
Rendering template within layouts/application
Rendering matches/show
Completed in 8ms (View: 6, DB: 1) | 200 OK [http://www.ping-pong.test/matches/12]


Processing MatchesController#index (for 127.0.0.1 at 2009-04-07 15:25:37) [GET]
Rendering template within layouts/application
Rendering matches/index
Completed in 84ms (View: 57, DB: 9) | 200 OK [http://www.ping-pong.test/matches]


Processing MatchesController#new (for 127.0.0.1 at 2009-04-08 14:05:01) [GET]
Rendering template within layouts/application
Rendering matches/new
Completed in 57ms (View: 50, DB: 2) | 200 OK [http://www.ping-pong.test/matches/new]


Processing MatchesController#create (for 127.0.0.1 at 2009-04-08 14:05:52) [POST]
  Parameters: {"commit"=>"Submit", "authenticity_token"=>"VbAqowqp8/6vCk2Zx7LwVkJwOHJSBjaVCuBEwQrG5hE=", "match"=>{"games_attributes"=>{"0"=>{"round_1"=>"5", "round_2"=>"6", "round_3"=>"", "handicap"=>"0", "player_id"=>"6"}, "1"=>{"round_1"=>"11", "round_2"=>"11", "round_3"=>"", "handicap"=>"3", "player_id"=>"4"}}}}
Redirected to http://www.ping-pong.test/matches
Completed in 34ms (DB: 1) | 302 Found [http://www.ping-pong.test/matches]


Processing MatchesController#index (for 127.0.0.1 at 2009-04-08 14:05:52) [GET]
Rendering template within layouts/application
Rendering matches/index
Completed in 57ms (View: 32, DB: 6) | 200 OK [http://www.ping-pong.test/matches]


Processing PlayersController#show (for 127.0.0.1 at 2009-04-08 14:06:08) [GET]
  Parameters: {"id"=>"6"}
Rendering template within layouts/application
Rendering players/show
Completed in 12ms (View: 6, DB: 1) | 200 OK [http://www.ping-pong.test/players/6]


Processing PlayersController#index (for 127.0.0.1 at 2009-04-08 14:06:16) [GET]
Rendering template within layouts/application
Rendering players/index
Completed in 21ms (View: 18, DB: 2) | 200 OK [http://www.ping-pong.test/players]


Processing MatchesController#index (for 127.0.0.1 at 2009-04-08 14:06:27) [GET]
Rendering template within layouts/application
Rendering matches/index
Completed in 80ms (View: 47, DB: 12) | 200 OK [http://www.ping-pong.test/matches]


Processing MatchesController#index (for 192.168.0.114 at 2009-04-09 12:56:27) [GET]
Rendering template within layouts/application
Rendering matches/index
Completed in 159ms (View: 70, DB: 12) | 200 OK [http://www.pingpong.test/]


Processing MatchesController#new (for 192.168.0.114 at 2009-04-09 12:56:30) [GET]
Rendering template within layouts/application
Rendering matches/new
Completed in 23ms (View: 20, DB: 2) | 200 OK [http://www.pingpong.test/matches/new]


Processing MatchesController#create (for 192.168.0.114 at 2009-04-09 12:56:48) [POST]
  Parameters: {"commit"=>"Submit", "authenticity_token"=>"879ItwsRnucL5KqwroOgtES9Vt4rIMLM3gmWk9bVZdg=", "match"=>{"games_attributes"=>{"0"=>{"round_1"=>"3", "round_2"=>"3", "round_3"=>"5", "handicap"=>"0", "player_id"=>"6"}, "1"=>{"round_1"=>"11", "round_2"=>"11", "round_3"=>"11", "handicap"=>"0", "player_id"=>"8"}}}}
Redirected to http://www.pingpong.test/matches
Completed in 42ms (DB: 1) | 302 Found [http://www.pingpong.test/matches]


Processing MatchesController#index (for 192.168.0.114 at 2009-04-09 12:56:48) [GET]
Rendering template within layouts/application
Rendering matches/index
Completed in 79ms (View: 46, DB: 13) | 200 OK [http://www.pingpong.test/matches]


Processing MatchesController#index (for 192.168.0.114 at 2009-04-09 12:59:59) [GET]
Rendering template within layouts/application
Rendering matches/index
Completed in 339ms (View: 250, DB: 45) | 200 OK [http://www.pingpong.test/matches]


Processing MatchesController#index (for 192.168.0.114 at 2009-04-09 14:32:23) [GET]
Rendering template within layouts/application
Rendering matches/index
Completed in 347ms (View: 263, DB: 38) | 200 OK [http://www.pingpong.test/]


Processing MatchesController#new (for 192.168.0.114 at 2009-04-09 14:33:23) [GET]
Rendering template within layouts/application
Rendering matches/new
Completed in 20ms (View: 18, DB: 2) | 200 OK [http://www.pingpong.test/matches/new]


Processing MatchesController#create (for 192.168.0.114 at 2009-04-09 14:34:09) [POST]
  Parameters: {"commit"=>"Submit", "authenticity_token"=>"PfA48MNula8wuNbcnMfnvNEZgnQTFJWEapuDXsBWfok=", "match"=>{"games_attributes"=>{"0"=>{"round_1"=>"14", "round_2"=>"6", "round_3"=>"6", "handicap"=>"0", "player_id"=>"8"}, "1"=>{"round_1"=>"12", "round_2"=>"11", "round_3"=>"11", "handicap"=>"2", "player_id"=>"9"}}}}
Redirected to http://www.pingpong.test/matches
Completed in 29ms (DB: 1) | 302 Found [http://www.pingpong.test/matches]


Processing MatchesController#index (for 192.168.0.114 at 2009-04-09 14:34:09) [GET]
Rendering template within layouts/application
Rendering matches/index
Completed in 353ms (View: 280, DB: 53) | 200 OK [http://www.pingpong.test/matches]


Processing MatchesController#index (for 192.168.0.5 at 2009-04-09 15:03:26) [GET]
Rendering template within layouts/application
Rendering matches/index
Completed in 554ms (View: 420, DB: 62) | 200 OK [http://www.pingpong.test/matches]


Processing MatchesController#new (for 192.168.0.5 at 2009-04-09 15:03:35) [GET]
Rendering template within layouts/application
Rendering matches/new
Completed in 21ms (View: 18, DB: 2) | 200 OK [http://www.pingpong.test/matches/new]


Processing MatchesController#create (for 192.168.0.5 at 2009-04-09 15:03:47) [POST]
  Parameters: {"commit"=>"Submit", "authenticity_token"=>"nTaLfkdsC3bGgO0Hg1HM4RTEHEPq0+8mUFWlCusLy1k=", "match"=>{"games_attributes"=>{"0"=>{"round_1"=>"", "round_2"=>"", "round_3"=>"", "handicap"=>"", "player_id"=>"4"}, "1"=>{"round_1"=>"", "round_2"=>"", "round_3"=>"", "handicap"=>"", "player_id"=>"6"}}}}
Redirected to http://www.pingpong.test/matches
Completed in 25ms (DB: 1) | 302 Found [http://www.pingpong.test/matches]


Processing MatchesController#index (for 192.168.0.5 at 2009-04-09 15:03:47) [GET]
Rendering template within layouts/application
Rendering matches/index
Completed in 395ms (View: 318, DB: 56) | 200 OK [http://www.pingpong.test/matches]


Processing MatchesController#index (for 192.168.0.114 at 2009-04-09 15:13:25) [GET]
Rendering template within layouts/application
Rendering matches/index
Completed in 454ms (View: 320, DB: 62) | 200 OK [http://www.pingpong.test/]


Processing MatchesController#edit (for 192.168.0.114 at 2009-04-09 15:13:27) [GET]
  Parameters: {"id"=>"18"}
Rendering template within layouts/application
Rendering matches/edit
Completed in 27ms (View: 21, DB: 4) | 200 OK [http://www.pingpong.test/matches/18/edit]


Processing MatchesController#update (for 192.168.0.114 at 2009-04-09 15:13:39) [PUT]
  Parameters: {"commit"=>"Submit", "authenticity_token"=>"PfA48MNula8wuNbcnMfnvNEZgnQTFJWEapuDXsBWfok=", "id"=>"18", "match"=>{"games_attributes"=>{"0"=>{"round_1"=>"8", "round_2"=>"9", "round_3"=>"", "handicap"=>"2", "player_id"=>"4", "id"=>"33"}, "1"=>{"round_1"=>"11", "round_2"=>"11", "round_3"=>"", "handicap"=>"0", "player_id"=>"6", "id"=>"34"}}}}
Redirected to http://www.pingpong.test/matches/18
Completed in 22ms (DB: 3) | 302 Found [http://www.pingpong.test/matches/18]


Processing MatchesController#show (for 192.168.0.114 at 2009-04-09 15:13:39) [GET]
  Parameters: {"id"=>"18"}
Rendering template within layouts/application
Rendering matches/show
Completed in 7ms (View: 5, DB: 1) | 200 OK [http://www.pingpong.test/matches/18]


Processing MatchesController#index (for 192.168.0.114 at 2009-04-09 15:13:40) [GET]
Rendering template within layouts/application
Rendering matches/index
Completed in 376ms (View: 295, DB: 60) | 200 OK [http://www.pingpong.test/matches]


Processing MatchesController#index (for 192.168.0.2 at 2009-04-15 14:37:10) [GET]
Rendering template within layouts/application
Rendering matches/index
Completed in 577ms (View: 400, DB: 62) | 200 OK [http://www.pingpong.test/]


Processing MatchesController#new (for 192.168.0.2 at 2009-04-15 15:01:35) [GET]
Rendering template within layouts/application
Rendering matches/new
Completed in 49ms (View: 43, DB: 1) | 200 OK [http://www.pingpong.test/matches/new]


Processing MatchesController#create (for 192.168.0.2 at 2009-04-15 15:01:54) [POST]
  Parameters: {"commit"=>"Submit", "authenticity_token"=>"6RmfxzCoOPxe88WKJf+7sfz97Ru30bU0EddJxL8749g=", "match"=>{"games_attributes"=>{"0"=>{"round_1"=>"11", "round_2"=>"7", "round_3"=>"11", "handicap"=>"2", "player_id"=>"4"}, "1"=>{"round_1"=>"5", "round_2"=>"11", "round_3"=>"7", "handicap"=>"", "player_id"=>"6"}}}}
Redirected to http://www.pingpong.test/matches
Completed in 43ms (DB: 17) | 302 Found [http://www.pingpong.test/matches]


Processing MatchesController#index (for 192.168.0.2 at 2009-04-15 15:01:54) [GET]
Rendering template within layouts/application
Rendering matches/index

ActionView::TemplateError (nil can't be coerced into Fixnum) on line #18 of app/views/matches/index.html.haml:
15:         This game should be played with a handy cap of:
16:       - else
17:         The next game should be played with handycaps:
18:       = @p1_game.player.name+": "+@p1_game.player.handicap(@p2_game.player).to_s+", "
19:       = @p2_game.player.name+": "+@p2_game.player.handicap(@p1_game.player).to_s
20:     .scores
21:       %ul

    app/models/match.rb:11:in `-'
    app/models/match.rb:11:in `scores'
    app/models/match.rb:9:in `scores'
    app/models/match.rb:19:in `won_by'
    app/models/player.rb:9:in `handicap'
    app/models/player.rb:8:in `each'
    app/models/player.rb:8:in `handicap'
    app/views/matches/index.html.haml:18:in `_run_haml_app47views47matches47index46html46haml'
    app/views/matches/index.html.haml:6:in `each'
    app/views/matches/index.html.haml:6:in `_run_haml_app47views47matches47index46html46haml'
    haml (2.0.9) lib/haml/helpers/action_view_mods.rb:14:in `render'
    haml (2.0.9) lib/haml/helpers/action_view_mods.rb:14:in `render'
    haml (2.0.9) rails/./lib/sass/plugin/rails.rb:19:in `process'
    passenger (2.1.3) lib/phusion_passenger/rack/request_handler.rb:65:in `process_request'
    passenger (2.1.3) lib/phusion_passenger/abstract_request_handler.rb:197:in `main_loop'
    passenger (2.1.3) lib/phusion_passenger/railz/application_spawner.rb:340:in `start_request_handler'
    passenger (2.1.3) lib/phusion_passenger/railz/application_spawner.rb:298:in `handle_spawn_application'
    passenger (2.1.3) lib/phusion_passenger/utils.rb:176:in `safe_fork'
    passenger (2.1.3) lib/phusion_passenger/railz/application_spawner.rb:296:in `handle_spawn_application'
    passenger (2.1.3) lib/phusion_passenger/abstract_server.rb:332:in `__send__'
    passenger (2.1.3) lib/phusion_passenger/abstract_server.rb:332:in `main_loop'
    passenger (2.1.3) lib/phusion_passenger/abstract_server.rb:182:in `start_synchronously'
    passenger (2.1.3) lib/phusion_passenger/abstract_server.rb:149:in `start'
    passenger (2.1.3) lib/phusion_passenger/railz/application_spawner.rb:192:in `start'
    passenger (2.1.3) lib/phusion_passenger/spawn_manager.rb:260:in `spawn_rails_application'
    passenger (2.1.3) lib/phusion_passenger/abstract_server_collection.rb:121:in `lookup_or_add'
    passenger (2.1.3) lib/phusion_passenger/spawn_manager.rb:254:in `spawn_rails_application'
    passenger (2.1.3) lib/phusion_passenger/abstract_server_collection.rb:75:in `synchronize'
    passenger (2.1.3) lib/phusion_passenger/abstract_server_collection.rb:74:in `synchronize'
    passenger (2.1.3) lib/phusion_passenger/spawn_manager.rb:253:in `spawn_rails_application'
    passenger (2.1.3) lib/phusion_passenger/spawn_manager.rb:148:in `spawn_application'
    passenger (2.1.3) lib/phusion_passenger/spawn_manager.rb:285:in `handle_spawn_application'
    passenger (2.1.3) lib/phusion_passenger/abstract_server.rb:332:in `__send__'
    passenger (2.1.3) lib/phusion_passenger/abstract_server.rb:332:in `main_loop'
    passenger (2.1.3) lib/phusion_passenger/abstract_server.rb:182:in `start_synchronously'

Rendering /home/geoffrey/Code/ping-pong/public/500.html (500 Internal Server Error)


Processing MatchesController#index (for 192.168.0.2 at 2009-04-15 15:02:00) [GET]
Rendering template within layouts/application
Rendering matches/index

ActionView::TemplateError (nil can't be coerced into Fixnum) on line #18 of app/views/matches/index.html.haml:
15:         This game should be played with a handy cap of:
16:       - else
17:         The next game should be played with handycaps:
18:       = @p1_game.player.name+": "+@p1_game.player.handicap(@p2_game.player).to_s+", "
19:       = @p2_game.player.name+": "+@p2_game.player.handicap(@p1_game.player).to_s
20:     .scores
21:       %ul

    app/models/match.rb:11:in `-'
    app/models/match.rb:11:in `scores'
    app/models/match.rb:9:in `scores'
    app/models/match.rb:19:in `won_by'
    app/models/player.rb:9:in `handicap'
    app/models/player.rb:8:in `each'
    app/models/player.rb:8:in `handicap'
    app/views/matches/index.html.haml:18:in `_run_haml_app47views47matches47index46html46haml'
    app/views/matches/index.html.haml:6:in `each'
    app/views/matches/index.html.haml:6:in `_run_haml_app47views47matches47index46html46haml'
    haml (2.0.9) lib/haml/helpers/action_view_mods.rb:14:in `render'
    haml (2.0.9) lib/haml/helpers/action_view_mods.rb:14:in `render'
    haml (2.0.9) rails/./lib/sass/plugin/rails.rb:19:in `process'
    passenger (2.1.3) lib/phusion_passenger/rack/request_handler.rb:65:in `process_request'
    passenger (2.1.3) lib/phusion_passenger/abstract_request_handler.rb:197:in `main_loop'
    passenger (2.1.3) lib/phusion_passenger/railz/application_spawner.rb:340:in `start_request_handler'
    passenger (2.1.3) lib/phusion_passenger/railz/application_spawner.rb:298:in `handle_spawn_application'
    passenger (2.1.3) lib/phusion_passenger/utils.rb:176:in `safe_fork'
    passenger (2.1.3) lib/phusion_passenger/railz/application_spawner.rb:296:in `handle_spawn_application'
    passenger (2.1.3) lib/phusion_passenger/abstract_server.rb:332:in `__send__'
    passenger (2.1.3) lib/phusion_passenger/abstract_server.rb:332:in `main_loop'
    passenger (2.1.3) lib/phusion_passenger/abstract_server.rb:182:in `start_synchronously'
    passenger (2.1.3) lib/phusion_passenger/abstract_server.rb:149:in `start'
    passenger (2.1.3) lib/phusion_passenger/railz/application_spawner.rb:192:in `start'
    passenger (2.1.3) lib/phusion_passenger/spawn_manager.rb:260:in `spawn_rails_application'
    passenger (2.1.3) lib/phusion_passenger/abstract_server_collection.rb:121:in `lookup_or_add'
    passenger (2.1.3) lib/phusion_passenger/spawn_manager.rb:254:in `spawn_rails_application'
    passenger (2.1.3) lib/phusion_passenger/abstract_server_collection.rb:75:in `synchronize'
    passenger (2.1.3) lib/phusion_passenger/abstract_server_collection.rb:74:in `synchronize'
    passenger (2.1.3) lib/phusion_passenger/spawn_manager.rb:253:in `spawn_rails_application'
    passenger (2.1.3) lib/phusion_passenger/spawn_manager.rb:148:in `spawn_application'
    passenger (2.1.3) lib/phusion_passenger/spawn_manager.rb:285:in `handle_spawn_application'
    passenger (2.1.3) lib/phusion_passenger/abstract_server.rb:332:in `__send__'
    passenger (2.1.3) lib/phusion_passenger/abstract_server.rb:332:in `main_loop'
    passenger (2.1.3) lib/phusion_passenger/abstract_server.rb:182:in `start_synchronously'

Rendering /home/geoffrey/Code/ping-pong/public/500.html (500 Internal Server Error)


Processing MatchesController#index (for 192.168.0.2 at 2009-04-15 15:02:04) [GET]
Rendering template within layouts/application
Rendering matches/index

ActionView::TemplateError (nil can't be coerced into Fixnum) on line #18 of app/views/matches/index.html.haml:
15:         This game should be played with a handy cap of:
16:       - else
17:         The next game should be played with handycaps:
18:       = @p1_game.player.name+": "+@p1_game.player.handicap(@p2_game.player).to_s+", "
19:       = @p2_game.player.name+": "+@p2_game.player.handicap(@p1_game.player).to_s
20:     .scores
21:       %ul

    app/models/match.rb:11:in `-'
    app/models/match.rb:11:in `scores'
    app/models/match.rb:9:in `scores'
    app/models/match.rb:19:in `won_by'
    app/models/player.rb:9:in `handicap'
    app/models/player.rb:8:in `each'
    app/models/player.rb:8:in `handicap'
    app/views/matches/index.html.haml:18:in `_run_haml_app47views47matches47index46html46haml'
    app/views/matches/index.html.haml:6:in `each'
    app/views/matches/index.html.haml:6:in `_run_haml_app47views47matches47index46html46haml'
    haml (2.0.9) lib/haml/helpers/action_view_mods.rb:14:in `render'
    haml (2.0.9) lib/haml/helpers/action_view_mods.rb:14:in `render'
    haml (2.0.9) rails/./lib/sass/plugin/rails.rb:19:in `process'
    passenger (2.1.3) lib/phusion_passenger/rack/request_handler.rb:65:in `process_request'
    passenger (2.1.3) lib/phusion_passenger/abstract_request_handler.rb:197:in `main_loop'
    passenger (2.1.3) lib/phusion_passenger/railz/application_spawner.rb:340:in `start_request_handler'
    passenger (2.1.3) lib/phusion_passenger/railz/application_spawner.rb:298:in `handle_spawn_application'
    passenger (2.1.3) lib/phusion_passenger/utils.rb:176:in `safe_fork'
    passenger (2.1.3) lib/phusion_passenger/railz/application_spawner.rb:296:in `handle_spawn_application'
    passenger (2.1.3) lib/phusion_passenger/abstract_server.rb:332:in `__send__'
    passenger (2.1.3) lib/phusion_passenger/abstract_server.rb:332:in `main_loop'
    passenger (2.1.3) lib/phusion_passenger/abstract_server.rb:182:in `start_synchronously'
    passenger (2.1.3) lib/phusion_passenger/abstract_server.rb:149:in `start'
    passenger (2.1.3) lib/phusion_passenger/railz/application_spawner.rb:192:in `start'
    passenger (2.1.3) lib/phusion_passenger/spawn_manager.rb:260:in `spawn_rails_application'
    passenger (2.1.3) lib/phusion_passenger/abstract_server_collection.rb:121:in `lookup_or_add'
    passenger (2.1.3) lib/phusion_passenger/spawn_manager.rb:254:in `spawn_rails_application'
    passenger (2.1.3) lib/phusion_passenger/abstract_server_collection.rb:75:in `synchronize'
    passenger (2.1.3) lib/phusion_passenger/abstract_server_collection.rb:74:in `synchronize'
    passenger (2.1.3) lib/phusion_passenger/spawn_manager.rb:253:in `spawn_rails_application'
    passenger (2.1.3) lib/phusion_passenger/spawn_manager.rb:148:in `spawn_application'
    passenger (2.1.3) lib/phusion_passenger/spawn_manager.rb:285:in `handle_spawn_application'
    passenger (2.1.3) lib/phusion_passenger/abstract_server.rb:332:in `__send__'
    passenger (2.1.3) lib/phusion_passenger/abstract_server.rb:332:in `main_loop'
    passenger (2.1.3) lib/phusion_passenger/abstract_server.rb:182:in `start_synchronously'

Rendering /home/geoffrey/Code/ping-pong/public/500.html (500 Internal Server Error)


Processing MatchesController#index (for 192.168.0.2 at 2009-04-15 15:02:06) [GET]
Rendering template within layouts/application
Rendering matches/index

ActionView::TemplateError (nil can't be coerced into Fixnum) on line #18 of app/views/matches/index.html.haml:
15:         This game should be played with a handy cap of:
16:       - else
17:         The next game should be played with handycaps:
18:       = @p1_game.player.name+": "+@p1_game.player.handicap(@p2_game.player).to_s+", "
19:       = @p2_game.player.name+": "+@p2_game.player.handicap(@p1_game.player).to_s
20:     .scores
21:       %ul

    app/models/match.rb:11:in `-'
    app/models/match.rb:11:in `scores'
    app/models/match.rb:9:in `scores'
    app/models/match.rb:19:in `won_by'
    app/models/player.rb:9:in `handicap'
    app/models/player.rb:8:in `each'
    app/models/player.rb:8:in `handicap'
    app/views/matches/index.html.haml:18:in `_run_haml_app47views47matches47index46html46haml'
    app/views/matches/index.html.haml:6:in `each'
    app/views/matches/index.html.haml:6:in `_run_haml_app47views47matches47index46html46haml'
    haml (2.0.9) lib/haml/helpers/action_view_mods.rb:14:in `render'
    haml (2.0.9) lib/haml/helpers/action_view_mods.rb:14:in `render'
    haml (2.0.9) rails/./lib/sass/plugin/rails.rb:19:in `process'
    passenger (2.1.3) lib/phusion_passenger/rack/request_handler.rb:65:in `process_request'
    passenger (2.1.3) lib/phusion_passenger/abstract_request_handler.rb:197:in `main_loop'
    passenger (2.1.3) lib/phusion_passenger/railz/application_spawner.rb:340:in `start_request_handler'
    passenger (2.1.3) lib/phusion_passenger/railz/application_spawner.rb:298:in `handle_spawn_application'
    passenger (2.1.3) lib/phusion_passenger/utils.rb:176:in `safe_fork'
    passenger (2.1.3) lib/phusion_passenger/railz/application_spawner.rb:296:in `handle_spawn_application'
    passenger (2.1.3) lib/phusion_passenger/abstract_server.rb:332:in `__send__'
    passenger (2.1.3) lib/phusion_passenger/abstract_server.rb:332:in `main_loop'
    passenger (2.1.3) lib/phusion_passenger/abstract_server.rb:182:in `start_synchronously'
    passenger (2.1.3) lib/phusion_passenger/abstract_server.rb:149:in `start'
    passenger (2.1.3) lib/phusion_passenger/railz/application_spawner.rb:192:in `start'
    passenger (2.1.3) lib/phusion_passenger/spawn_manager.rb:260:in `spawn_rails_application'
    passenger (2.1.3) lib/phusion_passenger/abstract_server_collection.rb:121:in `lookup_or_add'
    passenger (2.1.3) lib/phusion_passenger/spawn_manager.rb:254:in `spawn_rails_application'
    passenger (2.1.3) lib/phusion_passenger/abstract_server_collection.rb:75:in `synchronize'
    passenger (2.1.3) lib/phusion_passenger/abstract_server_collection.rb:74:in `synchronize'
    passenger (2.1.3) lib/phusion_passenger/spawn_manager.rb:253:in `spawn_rails_application'
    passenger (2.1.3) lib/phusion_passenger/spawn_manager.rb:148:in `spawn_application'
    passenger (2.1.3) lib/phusion_passenger/spawn_manager.rb:285:in `handle_spawn_application'
    passenger (2.1.3) lib/phusion_passenger/abstract_server.rb:332:in `__send__'
    passenger (2.1.3) lib/phusion_passenger/abstract_server.rb:332:in `main_loop'
    passenger (2.1.3) lib/phusion_passenger/abstract_server.rb:182:in `start_synchronously'

Rendering /home/geoffrey/Code/ping-pong/public/500.html (500 Internal Server Error)


Processing MatchesController#index (for 192.168.0.2 at 2009-04-15 15:02:08) [GET]
Rendering template within layouts/application
Rendering matches/index

ActionView::TemplateError (nil can't be coerced into Fixnum) on line #18 of app/views/matches/index.html.haml:
15:         This game should be played with a handy cap of:
16:       - else
17:         The next game should be played with handycaps:
18:       = @p1_game.player.name+": "+@p1_game.player.handicap(@p2_game.player).to_s+", "
19:       = @p2_game.player.name+": "+@p2_game.player.handicap(@p1_game.player).to_s
20:     .scores
21:       %ul

    app/models/match.rb:11:in `-'
    app/models/match.rb:11:in `scores'
    app/models/match.rb:9:in `scores'
    app/models/match.rb:19:in `won_by'
    app/models/player.rb:9:in `handicap'
    app/models/player.rb:8:in `each'
    app/models/player.rb:8:in `handicap'
    app/views/matches/index.html.haml:18:in `_run_haml_app47views47matches47index46html46haml'
    app/views/matches/index.html.haml:6:in `each'
    app/views/matches/index.html.haml:6:in `_run_haml_app47views47matches47index46html46haml'
    haml (2.0.9) lib/haml/helpers/action_view_mods.rb:14:in `render'
    haml (2.0.9) lib/haml/helpers/action_view_mods.rb:14:in `render'
    haml (2.0.9) rails/./lib/sass/plugin/rails.rb:19:in `process'
    passenger (2.1.3) lib/phusion_passenger/rack/request_handler.rb:65:in `process_request'
    passenger (2.1.3) lib/phusion_passenger/abstract_request_handler.rb:197:in `main_loop'
    passenger (2.1.3) lib/phusion_passenger/railz/application_spawner.rb:340:in `start_request_handler'
    passenger (2.1.3) lib/phusion_passenger/railz/application_spawner.rb:298:in `handle_spawn_application'
    passenger (2.1.3) lib/phusion_passenger/utils.rb:176:in `safe_fork'
    passenger (2.1.3) lib/phusion_passenger/railz/application_spawner.rb:296:in `handle_spawn_application'
    passenger (2.1.3) lib/phusion_passenger/abstract_server.rb:332:in `__send__'
    passenger (2.1.3) lib/phusion_passenger/abstract_server.rb:332:in `main_loop'
    passenger (2.1.3) lib/phusion_passenger/abstract_server.rb:182:in `start_synchronously'
    passenger (2.1.3) lib/phusion_passenger/abstract_server.rb:149:in `start'
    passenger (2.1.3) lib/phusion_passenger/railz/application_spawner.rb:192:in `start'
    passenger (2.1.3) lib/phusion_passenger/spawn_manager.rb:260:in `spawn_rails_application'
    passenger (2.1.3) lib/phusion_passenger/abstract_server_collection.rb:121:in `lookup_or_add'
    passenger (2.1.3) lib/phusion_passenger/spawn_manager.rb:254:in `spawn_rails_application'
    passenger (2.1.3) lib/phusion_passenger/abstract_server_collection.rb:75:in `synchronize'
    passenger (2.1.3) lib/phusion_passenger/abstract_server_collection.rb:74:in `synchronize'
    passenger (2.1.3) lib/phusion_passenger/spawn_manager.rb:253:in `spawn_rails_application'
    passenger (2.1.3) lib/phusion_passenger/spawn_manager.rb:148:in `spawn_application'
    passenger (2.1.3) lib/phusion_passenger/spawn_manager.rb:285:in `handle_spawn_application'
    passenger (2.1.3) lib/phusion_passenger/abstract_server.rb:332:in `__send__'
    passenger (2.1.3) lib/phusion_passenger/abstract_server.rb:332:in `main_loop'
    passenger (2.1.3) lib/phusion_passenger/abstract_server.rb:182:in `start_synchronously'

Rendering /home/geoffrey/Code/ping-pong/public/500.html (500 Internal Server Error)


Processing MatchesController#index (for 192.168.0.2 at 2009-04-15 15:03:39) [GET]
Rendering template within layouts/application
Rendering matches/index

ActionView::TemplateError (nil can't be coerced into Fixnum) on line #18 of app/views/matches/index.html.haml:
15:         This game should be played with a handy cap of:
16:       - else
17:         The next game should be played with handycaps:
18:       = @p1_game.player.name+": "+@p1_game.player.handicap(@p2_game.player).to_s+", "
19:       = @p2_game.player.name+": "+@p2_game.player.handicap(@p1_game.player).to_s
20:     .scores
21:       %ul

    app/models/match.rb:11:in `-'
    app/models/match.rb:11:in `scores'
    app/models/match.rb:9:in `scores'
    app/models/match.rb:19:in `won_by'
    app/models/player.rb:9:in `handicap'
    app/models/player.rb:8:in `each'
    app/models/player.rb:8:in `handicap'
    app/views/matches/index.html.haml:18:in `_run_haml_app47views47matches47index46html46haml'
    app/views/matches/index.html.haml:6:in `each'
    app/views/matches/index.html.haml:6:in `_run_haml_app47views47matches47index46html46haml'
    haml (2.0.9) lib/haml/helpers/action_view_mods.rb:14:in `render'
    haml (2.0.9) lib/haml/helpers/action_view_mods.rb:14:in `render'
    haml (2.0.9) rails/./lib/sass/plugin/rails.rb:19:in `process'
    passenger (2.1.3) lib/phusion_passenger/rack/request_handler.rb:65:in `process_request'
    passenger (2.1.3) lib/phusion_passenger/abstract_request_handler.rb:197:in `main_loop'
    passenger (2.1.3) lib/phusion_passenger/railz/application_spawner.rb:340:in `start_request_handler'
    passenger (2.1.3) lib/phusion_passenger/railz/application_spawner.rb:298:in `handle_spawn_application'
    passenger (2.1.3) lib/phusion_passenger/utils.rb:176:in `safe_fork'
    passenger (2.1.3) lib/phusion_passenger/railz/application_spawner.rb:296:in `handle_spawn_application'
    passenger (2.1.3) lib/phusion_passenger/abstract_server.rb:332:in `__send__'
    passenger (2.1.3) lib/phusion_passenger/abstract_server.rb:332:in `main_loop'
    passenger (2.1.3) lib/phusion_passenger/abstract_server.rb:182:in `start_synchronously'
    passenger (2.1.3) lib/phusion_passenger/abstract_server.rb:149:in `start'
    passenger (2.1.3) lib/phusion_passenger/railz/application_spawner.rb:192:in `start'
    passenger (2.1.3) lib/phusion_passenger/spawn_manager.rb:260:in `spawn_rails_application'
    passenger (2.1.3) lib/phusion_passenger/abstract_server_collection.rb:121:in `lookup_or_add'
    passenger (2.1.3) lib/phusion_passenger/spawn_manager.rb:254:in `spawn_rails_application'
    passenger (2.1.3) lib/phusion_passenger/abstract_server_collection.rb:75:in `synchronize'
    passenger (2.1.3) lib/phusion_passenger/abstract_server_collection.rb:74:in `synchronize'
    passenger (2.1.3) lib/phusion_passenger/spawn_manager.rb:253:in `spawn_rails_application'
    passenger (2.1.3) lib/phusion_passenger/spawn_manager.rb:148:in `spawn_application'
    passenger (2.1.3) lib/phusion_passenger/spawn_manager.rb:285:in `handle_spawn_application'
    passenger (2.1.3) lib/phusion_passenger/abstract_server.rb:332:in `__send__'
    passenger (2.1.3) lib/phusion_passenger/abstract_server.rb:332:in `main_loop'
    passenger (2.1.3) lib/phusion_passenger/abstract_server.rb:182:in `start_synchronously'

Rendering /home/geoffrey/Code/ping-pong/public/500.html (500 Internal Server Error)


Processing MatchesController#index (for 192.168.0.2 at 2009-04-15 15:03:40) [GET]
Rendering template within layouts/application
Rendering matches/index

ActionView::TemplateError (nil can't be coerced into Fixnum) on line #18 of app/views/matches/index.html.haml:
15:         This game should be played with a handy cap of:
16:       - else
17:         The next game should be played with handycaps:
18:       = @p1_game.player.name+": "+@p1_game.player.handicap(@p2_game.player).to_s+", "
19:       = @p2_game.player.name+": "+@p2_game.player.handicap(@p1_game.player).to_s
20:     .scores
21:       %ul

    app/models/match.rb:11:in `-'
    app/models/match.rb:11:in `scores'
    app/models/match.rb:9:in `scores'
    app/models/match.rb:19:in `won_by'
    app/models/player.rb:9:in `handicap'
    app/models/player.rb:8:in `each'
    app/models/player.rb:8:in `handicap'
    app/views/matches/index.html.haml:18:in `_run_haml_app47views47matches47index46html46haml'
    app/views/matches/index.html.haml:6:in `each'
    app/views/matches/index.html.haml:6:in `_run_haml_app47views47matches47index46html46haml'
    haml (2.0.9) lib/haml/helpers/action_view_mods.rb:14:in `render'
    haml (2.0.9) lib/haml/helpers/action_view_mods.rb:14:in `render'
    haml (2.0.9) rails/./lib/sass/plugin/rails.rb:19:in `process'
    passenger (2.1.3) lib/phusion_passenger/rack/request_handler.rb:65:in `process_request'
    passenger (2.1.3) lib/phusion_passenger/abstract_request_handler.rb:197:in `main_loop'
    passenger (2.1.3) lib/phusion_passenger/railz/application_spawner.rb:340:in `start_request_handler'
    passenger (2.1.3) lib/phusion_passenger/railz/application_spawner.rb:298:in `handle_spawn_application'
    passenger (2.1.3) lib/phusion_passenger/utils.rb:176:in `safe_fork'
    passenger (2.1.3) lib/phusion_passenger/railz/application_spawner.rb:296:in `handle_spawn_application'
    passenger (2.1.3) lib/phusion_passenger/abstract_server.rb:332:in `__send__'
    passenger (2.1.3) lib/phusion_passenger/abstract_server.rb:332:in `main_loop'
    passenger (2.1.3) lib/phusion_passenger/abstract_server.rb:182:in `start_synchronously'
    passenger (2.1.3) lib/phusion_passenger/abstract_server.rb:149:in `start'
    passenger (2.1.3) lib/phusion_passenger/railz/application_spawner.rb:192:in `start'
    passenger (2.1.3) lib/phusion_passenger/spawn_manager.rb:260:in `spawn_rails_application'
    passenger (2.1.3) lib/phusion_passenger/abstract_server_collection.rb:121:in `lookup_or_add'
    passenger (2.1.3) lib/phusion_passenger/spawn_manager.rb:254:in `spawn_rails_application'
    passenger (2.1.3) lib/phusion_passenger/abstract_server_collection.rb:75:in `synchronize'
    passenger (2.1.3) lib/phusion_passenger/abstract_server_collection.rb:74:in `synchronize'
    passenger (2.1.3) lib/phusion_passenger/spawn_manager.rb:253:in `spawn_rails_application'
    passenger (2.1.3) lib/phusion_passenger/spawn_manager.rb:148:in `spawn_application'
    passenger (2.1.3) lib/phusion_passenger/spawn_manager.rb:285:in `handle_spawn_application'
    passenger (2.1.3) lib/phusion_passenger/abstract_server.rb:332:in `__send__'
    passenger (2.1.3) lib/phusion_passenger/abstract_server.rb:332:in `main_loop'
    passenger (2.1.3) lib/phusion_passenger/abstract_server.rb:182:in `start_synchronously'

Rendering /home/geoffrey/Code/ping-pong/public/500.html (500 Internal Server Error)


Processing MatchesController#index (for 192.168.0.2 at 2009-04-15 15:03:41) [GET]
Rendering template within layouts/application
Rendering matches/index

ActionView::TemplateError (nil can't be coerced into Fixnum) on line #18 of app/views/matches/index.html.haml:
15:         This game should be played with a handy cap of:
16:       - else
17:         The next game should be played with handycaps:
18:       = @p1_game.player.name+": "+@p1_game.player.handicap(@p2_game.player).to_s+", "
19:       = @p2_game.player.name+": "+@p2_game.player.handicap(@p1_game.player).to_s
20:     .scores
21:       %ul

    app/models/match.rb:11:in `-'
    app/models/match.rb:11:in `scores'
    app/models/match.rb:9:in `scores'
    app/models/match.rb:19:in `won_by'
    app/models/player.rb:9:in `handicap'
    app/models/player.rb:8:in `each'
    app/models/player.rb:8:in `handicap'
    app/views/matches/index.html.haml:18:in `_run_haml_app47views47matches47index46html46haml'
    app/views/matches/index.html.haml:6:in `each'
    app/views/matches/index.html.haml:6:in `_run_haml_app47views47matches47index46html46haml'
    haml (2.0.9) lib/haml/helpers/action_view_mods.rb:14:in `render'
    haml (2.0.9) lib/haml/helpers/action_view_mods.rb:14:in `render'
    haml (2.0.9) rails/./lib/sass/plugin/rails.rb:19:in `process'
    passenger (2.1.3) lib/phusion_passenger/rack/request_handler.rb:65:in `process_request'
    passenger (2.1.3) lib/phusion_passenger/abstract_request_handler.rb:197:in `main_loop'
    passenger (2.1.3) lib/phusion_passenger/railz/application_spawner.rb:340:in `start_request_handler'
    passenger (2.1.3) lib/phusion_passenger/railz/application_spawner.rb:298:in `handle_spawn_application'
    passenger (2.1.3) lib/phusion_passenger/utils.rb:176:in `safe_fork'
    passenger (2.1.3) lib/phusion_passenger/railz/application_spawner.rb:296:in `handle_spawn_application'
    passenger (2.1.3) lib/phusion_passenger/abstract_server.rb:332:in `__send__'
    passenger (2.1.3) lib/phusion_passenger/abstract_server.rb:332:in `main_loop'
    passenger (2.1.3) lib/phusion_passenger/abstract_server.rb:182:in `start_synchronously'
    passenger (2.1.3) lib/phusion_passenger/abstract_server.rb:149:in `start'
    passenger (2.1.3) lib/phusion_passenger/railz/application_spawner.rb:192:in `start'
    passenger (2.1.3) lib/phusion_passenger/spawn_manager.rb:260:in `spawn_rails_application'
    passenger (2.1.3) lib/phusion_passenger/abstract_server_collection.rb:121:in `lookup_or_add'
    passenger (2.1.3) lib/phusion_passenger/spawn_manager.rb:254:in `spawn_rails_application'
    passenger (2.1.3) lib/phusion_passenger/abstract_server_collection.rb:75:in `synchronize'
    passenger (2.1.3) lib/phusion_passenger/abstract_server_collection.rb:74:in `synchronize'
    passenger (2.1.3) lib/phusion_passenger/spawn_manager.rb:253:in `spawn_rails_application'
    passenger (2.1.3) lib/phusion_passenger/spawn_manager.rb:148:in `spawn_application'
    passenger (2.1.3) lib/phusion_passenger/spawn_manager.rb:285:in `handle_spawn_application'
    passenger (2.1.3) lib/phusion_passenger/abstract_server.rb:332:in `__send__'
    passenger (2.1.3) lib/phusion_passenger/abstract_server.rb:332:in `main_loop'
    passenger (2.1.3) lib/phusion_passenger/abstract_server.rb:182:in `start_synchronously'

Rendering /home/geoffrey/Code/ping-pong/public/500.html (500 Internal Server Error)


Processing MatchesController#index (for 192.168.0.2 at 2009-04-15 15:06:28) [GET]
Rendering template within layouts/application
Rendering matches/index

ActionView::TemplateError (nil can't be coerced into Fixnum) on line #18 of app/views/matches/index.html.haml:
15:         This game should be played with a handy cap of:
16:       - else
17:         The next game should be played with handycaps:
18:       = @p1_game.player.name+": "+@p1_game.player.handicap(@p2_game.player).to_s+", "
19:       = @p2_game.player.name+": "+@p2_game.player.handicap(@p1_game.player).to_s
20:     .scores
21:       %ul

    app/models/match.rb:11:in `-'
    app/models/match.rb:11:in `scores'
    app/models/match.rb:9:in `scores'
    app/models/match.rb:19:in `won_by'
    app/models/player.rb:9:in `handicap'
    app/models/player.rb:8:in `each'
    app/models/player.rb:8:in `handicap'
    app/views/matches/index.html.haml:18:in `_run_haml_app47views47matches47index46html46haml'
    app/views/matches/index.html.haml:6:in `each'
    app/views/matches/index.html.haml:6:in `_run_haml_app47views47matches47index46html46haml'
    haml (2.0.9) lib/haml/helpers/action_view_mods.rb:14:in `render'
    haml (2.0.9) lib/haml/helpers/action_view_mods.rb:14:in `render'
    haml (2.0.9) rails/./lib/sass/plugin/rails.rb:19:in `process'
    passenger (2.1.3) lib/phusion_passenger/rack/request_handler.rb:65:in `process_request'
    passenger (2.1.3) lib/phusion_passenger/abstract_request_handler.rb:197:in `main_loop'
    passenger (2.1.3) lib/phusion_passenger/railz/application_spawner.rb:340:in `start_request_handler'
    passenger (2.1.3) lib/phusion_passenger/railz/application_spawner.rb:298:in `handle_spawn_application'
    passenger (2.1.3) lib/phusion_passenger/utils.rb:176:in `safe_fork'
    passenger (2.1.3) lib/phusion_passenger/railz/application_spawner.rb:296:in `handle_spawn_application'
    passenger (2.1.3) lib/phusion_passenger/abstract_server.rb:332:in `__send__'
    passenger (2.1.3) lib/phusion_passenger/abstract_server.rb:332:in `main_loop'
    passenger (2.1.3) lib/phusion_passenger/abstract_server.rb:182:in `start_synchronously'
    passenger (2.1.3) lib/phusion_passenger/abstract_server.rb:149:in `start'
    passenger (2.1.3) lib/phusion_passenger/railz/application_spawner.rb:192:in `start'
    passenger (2.1.3) lib/phusion_passenger/spawn_manager.rb:260:in `spawn_rails_application'
    passenger (2.1.3) lib/phusion_passenger/abstract_server_collection.rb:121:in `lookup_or_add'
    passenger (2.1.3) lib/phusion_passenger/spawn_manager.rb:254:in `spawn_rails_application'
    passenger (2.1.3) lib/phusion_passenger/abstract_server_collection.rb:75:in `synchronize'
    passenger (2.1.3) lib/phusion_passenger/abstract_server_collection.rb:74:in `synchronize'
    passenger (2.1.3) lib/phusion_passenger/spawn_manager.rb:253:in `spawn_rails_application'
    passenger (2.1.3) lib/phusion_passenger/spawn_manager.rb:148:in `spawn_application'
    passenger (2.1.3) lib/phusion_passenger/spawn_manager.rb:285:in `handle_spawn_application'
    passenger (2.1.3) lib/phusion_passenger/abstract_server.rb:332:in `__send__'
    passenger (2.1.3) lib/phusion_passenger/abstract_server.rb:332:in `main_loop'
    passenger (2.1.3) lib/phusion_passenger/abstract_server.rb:182:in `start_synchronously'

Rendering /home/geoffrey/Code/ping-pong/public/500.html (500 Internal Server Error)


Processing MatchesController#index (for 192.168.0.3 at 2009-04-16 13:32:50) [GET]
Rendering template within layouts/application
Rendering matches/index

ActionView::TemplateError (nil can't be coerced into Fixnum) on line #18 of app/views/matches/index.html.haml:
15:         This game should be played with a handy cap of:
16:       - else
17:         The next game should be played with handycaps:
18:       = @p1_game.player.name+": "+@p1_game.player.handicap(@p2_game.player).to_s+", "
19:       = @p2_game.player.name+": "+@p2_game.player.handicap(@p1_game.player).to_s
20:     .scores
21:       %ul

    app/models/match.rb:11:in `-'
    app/models/match.rb:11:in `scores'
    app/models/match.rb:9:in `scores'
    app/models/match.rb:19:in `won_by'
    app/models/player.rb:9:in `handicap'
    app/models/player.rb:8:in `each'
    app/models/player.rb:8:in `handicap'
    app/views/matches/index.html.haml:18:in `_run_haml_app47views47matches47index46html46haml'
    app/views/matches/index.html.haml:6:in `each'
    app/views/matches/index.html.haml:6:in `_run_haml_app47views47matches47index46html46haml'
    haml (2.0.9) lib/haml/helpers/action_view_mods.rb:14:in `render'
    haml (2.0.9) lib/haml/helpers/action_view_mods.rb:14:in `render'
    haml (2.0.9) rails/./lib/sass/plugin/rails.rb:19:in `process'
    passenger (2.1.3) lib/phusion_passenger/rack/request_handler.rb:65:in `process_request'
    passenger (2.1.3) lib/phusion_passenger/abstract_request_handler.rb:197:in `main_loop'
    passenger (2.1.3) lib/phusion_passenger/railz/application_spawner.rb:340:in `start_request_handler'
    passenger (2.1.3) lib/phusion_passenger/railz/application_spawner.rb:298:in `handle_spawn_application'
    passenger (2.1.3) lib/phusion_passenger/utils.rb:176:in `safe_fork'
    passenger (2.1.3) lib/phusion_passenger/railz/application_spawner.rb:296:in `handle_spawn_application'
    passenger (2.1.3) lib/phusion_passenger/abstract_server.rb:332:in `__send__'
    passenger (2.1.3) lib/phusion_passenger/abstract_server.rb:332:in `main_loop'
    passenger (2.1.3) lib/phusion_passenger/abstract_server.rb:182:in `start_synchronously'
    passenger (2.1.3) lib/phusion_passenger/abstract_server.rb:149:in `start'
    passenger (2.1.3) lib/phusion_passenger/railz/application_spawner.rb:192:in `start'
    passenger (2.1.3) lib/phusion_passenger/spawn_manager.rb:260:in `spawn_rails_application'
    passenger (2.1.3) lib/phusion_passenger/abstract_server_collection.rb:121:in `lookup_or_add'
    passenger (2.1.3) lib/phusion_passenger/spawn_manager.rb:254:in `spawn_rails_application'
    passenger (2.1.3) lib/phusion_passenger/abstract_server_collection.rb:75:in `synchronize'
    passenger (2.1.3) lib/phusion_passenger/abstract_server_collection.rb:74:in `synchronize'
    passenger (2.1.3) lib/phusion_passenger/spawn_manager.rb:253:in `spawn_rails_application'
    passenger (2.1.3) lib/phusion_passenger/spawn_manager.rb:148:in `spawn_application'
    passenger (2.1.3) lib/phusion_passenger/spawn_manager.rb:285:in `handle_spawn_application'
    passenger (2.1.3) lib/phusion_passenger/abstract_server.rb:332:in `__send__'
    passenger (2.1.3) lib/phusion_passenger/abstract_server.rb:332:in `main_loop'
    passenger (2.1.3) lib/phusion_passenger/abstract_server.rb:182:in `start_synchronously'

Rendering /home/geoffrey/Code/ping-pong/public/500.html (500 Internal Server Error)


Processing MatchesController#index (for 192.168.0.2 at 2009-04-16 13:46:37) [GET]
Rendering template within layouts/application
Rendering matches/index

ActionView::TemplateError (nil can't be coerced into Fixnum) on line #18 of app/views/matches/index.html.haml:
15:         This game should be played with a handy cap of:
16:       - else
17:         The next game should be played with handycaps:
18:       = @p1_game.player.name+": "+@p1_game.player.handicap(@p2_game.player).to_s+", "
19:       = @p2_game.player.name+": "+@p2_game.player.handicap(@p1_game.player).to_s
20:     .scores
21:       %ul

    app/models/match.rb:11:in `-'
    app/models/match.rb:11:in `scores'
    app/models/match.rb:9:in `scores'
    app/models/match.rb:19:in `won_by'
    app/models/player.rb:9:in `handicap'
    app/models/player.rb:8:in `each'
    app/models/player.rb:8:in `handicap'
    app/views/matches/index.html.haml:18:in `_run_haml_app47views47matches47index46html46haml'
    app/views/matches/index.html.haml:6:in `each'
    app/views/matches/index.html.haml:6:in `_run_haml_app47views47matches47index46html46haml'
    haml (2.0.9) lib/haml/helpers/action_view_mods.rb:14:in `render'
    haml (2.0.9) lib/haml/helpers/action_view_mods.rb:14:in `render'
    haml (2.0.9) rails/./lib/sass/plugin/rails.rb:19:in `process'
    passenger (2.1.3) lib/phusion_passenger/rack/request_handler.rb:65:in `process_request'
    passenger (2.1.3) lib/phusion_passenger/abstract_request_handler.rb:197:in `main_loop'
    passenger (2.1.3) lib/phusion_passenger/railz/application_spawner.rb:340:in `start_request_handler'
    passenger (2.1.3) lib/phusion_passenger/railz/application_spawner.rb:298:in `handle_spawn_application'
    passenger (2.1.3) lib/phusion_passenger/utils.rb:176:in `safe_fork'
    passenger (2.1.3) lib/phusion_passenger/railz/application_spawner.rb:296:in `handle_spawn_application'
    passenger (2.1.3) lib/phusion_passenger/abstract_server.rb:332:in `__send__'
    passenger (2.1.3) lib/phusion_passenger/abstract_server.rb:332:in `main_loop'
    passenger (2.1.3) lib/phusion_passenger/abstract_server.rb:182:in `start_synchronously'
    passenger (2.1.3) lib/phusion_passenger/abstract_server.rb:149:in `start'
    passenger (2.1.3) lib/phusion_passenger/railz/application_spawner.rb:192:in `start'
    passenger (2.1.3) lib/phusion_passenger/spawn_manager.rb:260:in `spawn_rails_application'
    passenger (2.1.3) lib/phusion_passenger/abstract_server_collection.rb:121:in `lookup_or_add'
    passenger (2.1.3) lib/phusion_passenger/spawn_manager.rb:254:in `spawn_rails_application'
    passenger (2.1.3) lib/phusion_passenger/abstract_server_collection.rb:75:in `synchronize'
    passenger (2.1.3) lib/phusion_passenger/abstract_server_collection.rb:74:in `synchronize'
    passenger (2.1.3) lib/phusion_passenger/spawn_manager.rb:253:in `spawn_rails_application'
    passenger (2.1.3) lib/phusion_passenger/spawn_manager.rb:148:in `spawn_application'
    passenger (2.1.3) lib/phusion_passenger/spawn_manager.rb:285:in `handle_spawn_application'
    passenger (2.1.3) lib/phusion_passenger/abstract_server.rb:332:in `__send__'
    passenger (2.1.3) lib/phusion_passenger/abstract_server.rb:332:in `main_loop'
    passenger (2.1.3) lib/phusion_passenger/abstract_server.rb:182:in `start_synchronously'

Rendering /home/geoffrey/Code/ping-pong/public/500.html (500 Internal Server Error)


Processing MatchesController#index (for 192.168.0.2 at 2009-04-16 13:47:21) [GET]
Rendering template within layouts/application
Rendering matches/index
Completed in 499ms (View: 381, DB: 58) | 200 OK [http://www.pingpong.test/]


Processing MatchesController#edit (for 192.168.0.2 at 2009-04-16 13:47:29) [GET]
  Parameters: {"id"=>"19"}
Rendering template within layouts/application
Rendering matches/edit
Completed in 27ms (View: 22, DB: 4) | 200 OK [http://www.pingpong.test/matches/19/edit]


Processing MatchesController#update (for 192.168.0.2 at 2009-04-16 13:47:32) [PUT]
  Parameters: {"commit"=>"Submit", "authenticity_token"=>"nAb2BT+17DFGJAXDBDwOdVBbP2Qa5QatYXZiYTaSIv4=", "id"=>"19", "match"=>{"games_attributes"=>{"0"=>{"round_1"=>"11", "round_2"=>"7", "round_3"=>"11", "handicap"=>"2", "player_id"=>"4", "id"=>"35"}, "1"=>{"round_1"=>"5", "round_2"=>"11", "round_3"=>"7", "handicap"=>"0", "player_id"=>"6", "id"=>"36"}}}}
Redirected to http://www.pingpong.test/matches/19
Completed in 28ms (DB: 2) | 302 Found [http://www.pingpong.test/matches/19]


Processing MatchesController#show (for 192.168.0.2 at 2009-04-16 13:47:32) [GET]
  Parameters: {"id"=>"19"}
Rendering template within layouts/application
Rendering matches/show
Completed in 7ms (View: 5, DB: 1) | 200 OK [http://www.pingpong.test/matches/19]


Processing MatchesController#index (for 192.168.0.2 at 2009-04-16 13:47:34) [GET]
Rendering template within layouts/application
Rendering matches/index
Completed in 431ms (View: 351, DB: 58) | 200 OK [http://www.pingpong.test/matches]


Processing MatchesController#new (for 192.168.0.2 at 2009-04-16 13:47:42) [GET]
Rendering template within layouts/application
Rendering matches/new
Completed in 101ms (View: 90, DB: 11) | 200 OK [http://www.pingpong.test/matches/new]


Processing MatchesController#create (for 192.168.0.2 at 2009-04-16 13:48:07) [POST]
  Parameters: {"commit"=>"Submit", "authenticity_token"=>"nAb2BT+17DFGJAXDBDwOdVBbP2Qa5QatYXZiYTaSIv4=", "match"=>{"games_attributes"=>{"0"=>{"round_1"=>"7", "round_2"=>"16", "round_3"=>"", "handicap"=>"0", "player_id"=>"6"}, "1"=>{"round_1"=>"11", "round_2"=>"118", "round_3"=>"", "handicap"=>"0", "player_id"=>"4"}}}}
Redirected to http://www.pingpong.test/matches
Completed in 22ms (DB: 1) | 302 Found [http://www.pingpong.test/matches]


Processing MatchesController#index (for 192.168.0.2 at 2009-04-16 13:48:07) [GET]
Rendering template within layouts/application
Rendering matches/index
Completed in 454ms (View: 369, DB: 60) | 200 OK [http://www.pingpong.test/matches]


Processing MatchesController#edit (for 192.168.0.2 at 2009-04-16 13:48:14) [GET]
  Parameters: {"id"=>"20"}
Rendering template within layouts/application
Rendering matches/edit
Completed in 22ms (View: 17, DB: 4) | 200 OK [http://www.pingpong.test/matches/20/edit]


Processing MatchesController#update (for 192.168.0.2 at 2009-04-16 13:48:19) [PUT]
  Parameters: {"commit"=>"Submit", "authenticity_token"=>"nAb2BT+17DFGJAXDBDwOdVBbP2Qa5QatYXZiYTaSIv4=", "id"=>"20", "match"=>{"games_attributes"=>{"0"=>{"round_1"=>"7", "round_2"=>"16", "round_3"=>"", "handicap"=>"0", "player_id"=>"6", "id"=>"37"}, "1"=>{"round_1"=>"11", "round_2"=>"18", "round_3"=>"", "handicap"=>"0", "player_id"=>"4", "id"=>"38"}}}}
Redirected to http://www.pingpong.test/matches/20
Completed in 18ms (DB: 2) | 302 Found [http://www.pingpong.test/matches/20]


Processing MatchesController#show (for 192.168.0.2 at 2009-04-16 13:48:19) [GET]
  Parameters: {"id"=>"20"}
Rendering template within layouts/application
Rendering matches/show
Completed in 5ms (View: 4, DB: 1) | 200 OK [http://www.pingpong.test/matches/20]


Processing MatchesController#index (for 192.168.0.2 at 2009-04-16 13:48:21) [GET]
Rendering template within layouts/application
Rendering matches/index
Completed in 440ms (View: 358, DB: 57) | 200 OK [http://www.pingpong.test/matches]


Processing MatchesController#index (for 192.168.0.199 at 2009-04-16 15:36:50) [GET]
Rendering template within layouts/application
Rendering matches/index
Completed in 539ms (View: 430, DB: 56) | 200 OK [http://www.pingpong.test/]


Processing MatchesController#index (for 192.168.0.199 at 2009-04-17 11:36:11) [GET]
Rendering template within layouts/application
Rendering matches/index
Completed in 495ms (View: 371, DB: 60) | 200 OK [http://192.168.0.115/]


Processing MatchesController#index (for 192.168.0.2 at 2009-04-17 15:20:53) [GET]
Rendering template within layouts/application
Rendering matches/index
Completed in 543ms (View: 419, DB: 65) | 200 OK [http://www.pingpong.test/]


Processing MatchesController#new (for 192.168.0.2 at 2009-04-17 15:20:56) [GET]
Rendering template within layouts/application
Rendering matches/new
Completed in 21ms (View: 18, DB: 2) | 200 OK [http://www.pingpong.test/matches/new]


Processing MatchesController#create (for 192.168.0.2 at 2009-04-17 15:21:16) [POST]
  Parameters: {"commit"=>"Submit", "authenticity_token"=>"nAb2BT+17DFGJAXDBDwOdVBbP2Qa5QatYXZiYTaSIv4=", "match"=>{"games_attributes"=>{"0"=>{"round_1"=>"4", "round_2"=>"6", "round_3"=>"", "handicap"=>"0", "player_id"=>"4"}, "1"=>{"round_1"=>"11", "round_2"=>"11", "round_3"=>"", "handicap"=>"0", "player_id"=>"6"}}}}
Redirected to http://www.pingpong.test/matches
Completed in 33ms (DB: 15) | 302 Found [http://www.pingpong.test/matches]


Processing MatchesController#index (for 192.168.0.2 at 2009-04-17 15:21:16) [GET]
Rendering template within layouts/application
Rendering matches/index
Completed in 550ms (View: 454, DB: 71) | 200 OK [http://www.pingpong.test/matches]


Processing MatchesController#index (for 192.168.0.2 at 2009-04-20 14:55:17) [GET]
Rendering template within layouts/application
Rendering matches/index
Completed in 873ms (View: 612, DB: 63) | 200 OK [http://www.pingpong.test/]


Processing MatchesController#new (for 192.168.0.2 at 2009-04-20 14:55:20) [GET]
Rendering template within layouts/application
Rendering matches/new
Completed in 17ms (View: 15, DB: 1) | 200 OK [http://www.pingpong.test/matches/new]


Processing MatchesController#create (for 192.168.0.2 at 2009-04-20 14:55:36) [POST]
  Parameters: {"commit"=>"Submit", "authenticity_token"=>"Zb7sYWjTuV8aBK6Ad+CmLLepg5toagS6T6jHuJVucXI=", "match"=>{"games_attributes"=>{"0"=>{"round_1"=>"11", "round_2"=>"13", "round_3"=>"", "handicap"=>"2", "player_id"=>"4"}, "1"=>{"round_1"=>"9", "round_2"=>"11", "round_3"=>"", "handicap"=>"0", "player_id"=>"6"}}}}
Redirected to http://www.pingpong.test/matches
Completed in 7381ms (DB: 63) | 302 Found [http://www.pingpong.test/matches]


Processing MatchesController#index (for 192.168.0.2 at 2009-04-20 14:55:43) [GET]
Rendering template within layouts/application
Rendering matches/index
Completed in 631ms (View: 532, DB: 71) | 200 OK [http://www.pingpong.test/matches]


Processing MatchesController#index (for 192.168.0.114 at 2009-04-21 11:36:28) [GET]
Rendering template within layouts/application
Rendering matches/index
Completed in 866ms (View: 663, DB: 85) | 200 OK [http://www.pingpong.test/]


Processing MatchesController#index (for 192.168.0.114 at 2009-04-21 11:40:16) [GET]
Rendering template within layouts/application
Rendering matches/index
Completed in 614ms (View: 506, DB: 79) | 200 OK [http://www.pingpong.test/]


Processing MatchesController#index (for 192.168.0.199 at 2009-04-21 13:59:45) [GET]
Rendering template within layouts/application
Rendering matches/index
Completed in 732ms (View: 539, DB: 82) | 200 OK [http://www.pingpong.test/]


Processing MatchesController#new (for 192.168.0.199 at 2009-04-21 13:59:50) [GET]
Rendering template within layouts/application
Rendering matches/new
Completed in 21ms (View: 19, DB: 2) | 200 OK [http://www.pingpong.test/matches/new]


Processing MatchesController#create (for 192.168.0.199 at 2009-04-21 14:00:02) [POST]
  Parameters: {"commit"=>"Submit", "authenticity_token"=>"irnM1NeN7l09O/eQiXubjknfh7272ufafKM6wsaBe3A=", "match"=>{"games_attributes"=>{"0"=>{"round_1"=>"11", "round_2"=>"11", "round_3"=>"", "handicap"=>"2", "player_id"=>"4"}, "1"=>{"round_1"=>"2", "round_2"=>"9", "round_3"=>"", "handicap"=>"", "player_id"=>"6"}}}}
Redirected to http://www.pingpong.test/matches
Completed in 148ms (DB: 26) | 302 Found [http://www.pingpong.test/matches]


Processing MatchesController#index (for 192.168.0.199 at 2009-04-21 14:00:03) [GET]
Rendering template within layouts/application
Rendering matches/index
Completed in 610ms (View: 508, DB: 72) | 200 OK [http://www.pingpong.test/matches]


Processing MatchesController#index (for 192.168.0.114 at 2009-04-21 14:29:04) [GET]
Rendering template within layouts/application
Rendering matches/index
Completed in 646ms (View: 459, DB: 143) | 200 OK [http://www.pingpong.test/]


Processing MatchesController#new (for 192.168.0.114 at 2009-04-21 14:29:10) [GET]
Rendering template within layouts/application
Rendering matches/new
Completed in 22ms (View: 19, DB: 2) | 200 OK [http://www.pingpong.test/matches/new]


Processing MatchesController#create (for 192.168.0.114 at 2009-04-21 14:29:25) [POST]
  Parameters: {"commit"=>"Submit", "authenticity_token"=>"khjKNLKJ1wzIb0NLHAorXFE9gn8tZ7Uq3R2P7+osRPo=", "match"=>{"games_attributes"=>{"0"=>{"round_1"=>"11", "round_2"=>"11", "round_3"=>"", "handicap"=>"2", "player_id"=>"4"}, "1"=>{"round_1"=>"2", "round_2"=>"9", "round_3"=>"", "handicap"=>"0", "player_id"=>"6"}}}}
Redirected to http://www.pingpong.test/matches
Completed in 24ms (DB: 1) | 302 Found [http://www.pingpong.test/matches]


Processing MatchesController#index (for 192.168.0.114 at 2009-04-21 14:29:25) [GET]
Rendering template within layouts/application
Rendering matches/index
Completed in 708ms (View: 612, DB: 70) | 200 OK [http://www.pingpong.test/matches]


Processing MatchesController#index (for 127.0.0.1 at 2009-05-07 15:29:05) [GET]
Rendering template within layouts/application
Rendering matches/index
Completed in 747ms (View: 656, DB: 47) | 200 OK [http://ping-pong.local/]


Processing MatchesController#new (for 127.0.0.1 at 2009-05-07 15:29:16) [GET]
Rendering template within layouts/application
Rendering matches/new
Completed in 37ms (View: 32, DB: 1) | 200 OK [http://ping-pong.local/matches/new]


Processing MatchesController#create (for 127.0.0.1 at 2009-05-07 15:29:31) [POST]
  Parameters: {"commit"=>"Submit", "authenticity_token"=>"N9mFMrE6aqwSR6qVen1Expa2JpK9aI1YMo79R3P8j7g=", "match"=>{"games_attributes"=>{"0"=>{"round_1"=>"11", "round_2"=>"11", "round_3"=>"", "player_id"=>"5", "handicap"=>"0"}, "1"=>{"round_1"=>"3", "round_2"=>"5", "round_3"=>"", "player_id"=>"6", "handicap"=>"0"}}}}
Redirected to http://ping-pong.local/matches
Completed in 16ms (DB: 1) | 302 Found [http://ping-pong.local/matches]


Processing MatchesController#index (for 127.0.0.1 at 2009-05-07 15:29:31) [GET]
Rendering template within layouts/application
Rendering matches/index
Completed in 1461ms (View: 1361, DB: 86) | 200 OK [http://ping-pong.local/matches]


Processing MatchesController#index (for 127.0.0.1 at 2009-05-14 14:56:41) [GET]
Rendering template within layouts/application
Rendering matches/index
Completed in 717ms (View: 313, DB: 43) | 200 OK [http://ping-pong.local/]


Processing MatchesController#new (for 127.0.0.1 at 2009-05-14 14:56:45) [GET]
Rendering template within layouts/application
Rendering matches/new
Completed in 17ms (View: 16, DB: 1) | 200 OK [http://ping-pong.local/matches/new]


Processing MatchesController#create (for 127.0.0.1 at 2009-05-14 14:59:20) [POST]
  Parameters: {"commit"=>"Submit", "authenticity_token"=>"mpG8FJMUIycuh9IQMHY6gNtAz3gBqHIvmH+qXiywgP8=", "match"=>{"games_attributes"=>{"0"=>{"round_1"=>"11", "round_2"=>"11", "round_3"=>"11", "player_id"=>"6", "handicap"=>"0"}, "1"=>{"round_1"=>"13", "round_2"=>"7", "round_3"=>"9", "player_id"=>"4", "handicap"=>"1"}}}}
Redirected to http://ping-pong.local/matches
Completed in 44ms (DB: 1) | 302 Found [http://ping-pong.local/matches]


Processing MatchesController#index (for 127.0.0.1 at 2009-05-14 14:59:20) [GET]
Rendering template within layouts/application
Rendering matches/index
Completed in 412ms (View: 361, DB: 40) | 200 OK [http://ping-pong.local/matches]
